# JRE version: OpenJDK Runtime Environment (21.0.3) (build 21.0.3+-12282718-b509.11)
# Java VM: OpenJDK 64-Bit Server VM (21.0.3+-12282718-b509.11, mixed mode, tiered, compressed oops, compressed class ptrs, g1 gc, windows-amd64)
GC Precious Log:
 CardTable entry size: 512
 Card Set container configuration: InlinePtr #cards 5 size 8 Array Of Cards #cards 12 size 40 Howl #buckets 4 coarsen threshold 1843 Howl Bitmap #cards 512 size 80 coarsen threshold 460 Card regions per heap region 1 cards per card region 2048
 CPUs: 4 total, 4 available
 Memory: 12171M
 Large Page Support: Disabled
 NUMA Support: Disabled
 Compressed Oops: Enabled (32-bit)
 Heap Region Size: 1M
 Heap Min Capacity: 8M
 Heap Initial Capacity: 192M
 Heap Max Capacity: 2G
 Pre-touch: Disabled
 Parallel Workers: 4
 Concurrent Workers: 1
 Concurrent Refinement Workers: 4
 Periodic GC: Disabled
Heap:
 garbage-first heap   total 71680K, used 30446K [0x0000000080000000, 0x0000000100000000)
  region size 1024K, 12 young (12288K), 2 survivors (2048K)
 Metaspace       used 28705K, committed 29312K, reserved 1114112K
  class space    used 3662K, committed 3968K, reserved 1048576K
GC Heap History (10 events):
Event: 5.519 GC heap before
{Heap before GC invocations=0 (full 0):
 garbage-first heap   total 196608K, used 13312K [0x0000000080000000, 0x0000000100000000)
  region size 1024K, 13 young (13312K), 0 survivors (0K)
 Metaspace       used 7776K, committed 7936K, reserved 1114112K
  class space    used 709K, committed 768K, reserved 1048576K
}
Event: 5.541 GC heap after
{Heap after GC invocations=1 (full 0):
 garbage-first heap   total 196608K, used 2656K [0x0000000080000000, 0x0000000100000000)
  region size 1024K, 2 young (2048K), 2 survivors (2048K)
 Metaspace       used 7776K, committed 7936K, reserved 1114112K
  class space    used 709K, committed 768K, reserved 1048576K
}
Event: 9.475 GC heap before
{Heap before GC invocations=1 (full 0):
 garbage-first heap   total 196608K, used 29280K [0x0000000080000000, 0x0000000100000000)
  region size 1024K, 24 young (24576K), 2 survivors (2048K)
 Metaspace       used 11887K, committed 12096K, reserved 1114112K
  class space    used 1251K, committed 1344K, reserved 1048576K
}
Event: 9.483 GC heap after
{Heap after GC invocations=2 (full 0):
 garbage-first heap   total 196608K, used 10944K [0x0000000080000000, 0x0000000100000000)
  region size 1024K, 3 young (3072K), 3 survivors (3072K)
 Metaspace       used 11887K, committed 12096K, reserved 1114112K
  class space    used 1251K, committed 1344K, reserved 1048576K
}
Event: 11.532 GC heap before
{Heap before GC invocations=2 (full 0):
 garbage-first heap   total 196608K, used 36544K [0x0000000080000000, 0x0000000100000000)
  region size 1024K, 28 young (28672K), 3 survivors (3072K)
 Metaspace       used 11988K, committed 12160K, reserved 1114112K
  class space    used 1253K, committed 1344K, reserved 1048576K
}
Event: 11.538 GC heap after
{Heap after GC invocations=3 (full 0):
 garbage-first heap   total 196608K, used 15662K [0x0000000080000000, 0x0000000100000000)
  region size 1024K, 4 young (4096K), 4 survivors (4096K)
 Metaspace       used 11988K, committed 12160K, reserved 1114112K
  class space    used 1253K, committed 1344K, reserved 1048576K
}
Event: 16.561 GC heap before
{Heap before GC invocations=3 (full 0):
 garbage-first heap   total 196608K, used 48430K [0x0000000080000000, 0x0000000100000000)
  region size 1024K, 37 young (37888K), 4 survivors (4096K)
 Metaspace       used 21201K, committed 21504K, reserved 1114112K
  class space    used 2461K, committed 2624K, reserved 1048576K
}
Event: 16.572 GC heap after
{Heap after GC invocations=4 (full 0):
 garbage-first heap   total 196608K, used 19524K [0x0000000080000000, 0x0000000100000000)
  region size 1024K, 8 young (8192K), 8 survivors (8192K)
 Metaspace       used 21201K, committed 21504K, reserved 1114112K
  class space    used 2461K, committed 2624K, reserved 1048576K
}
Event: 24.542 GC heap before
{Heap before GC invocations=5 (full 0):
 garbage-first heap   total 71680K, used 53316K [0x0000000080000000, 0x0000000100000000)
  region size 1024K, 42 young (43008K), 8 survivors (8192K)
 Metaspace       used 27439K, committed 28032K, reserved 1114112K
  class space    used 3437K, committed 3712K, reserved 1048576K
}
Event: 24.556 GC heap after
{Heap after GC invocations=6 (full 0):
 garbage-first heap   total 71680K, used 21230K [0x0000000080000000, 0x0000000100000000)
  region size 1024K, 2 young (2048K), 2 survivors (2048K)
 Metaspace       used 27439K, committed 28032K, reserved 1114112K
  class space    used 3437K, committed 3712K, reserved 1048576K
}

